<?xml version="1.0" encoding="UTF-8"?>
<testsuites name="Test Suite 1" time="21.361" tests="1" failures="0" errors="0">
   <testsuite name="Test Suite 1" tests="1" failures="0" errors="0" time="21.361" skipped="0" timestamp="07-02-2024T10:52:28" hostname="asus - LAPTOP-PECE1U4E" id="Test Suites/Test Suite 1">
      <properties>
         <property name="deviceName" value=""/>
         <property name="devicePlatform" value=""/>
         <property name="logFolder" value="E:\\Training BRI\\Bootcamp IT\\Katalon Automation Testing\\Automation Project\\Hactiv8_Katalon_Day7\\exercise_gitkatalon_integration\\Reports\\20240207_105220\\Test Suite 1\\20240207_105220"/>
         <property name="logFiles" value="E:\\Training BRI\\Bootcamp IT\\Katalon Automation Testing\\Automation Project\\Hactiv8_Katalon_Day7\\exercise_gitkatalon_integration\\Reports\\20240207_105220\\Test Suite 1\\20240207_105220\\execution0.log"/>
         <property name="attachments" value=""/>
         <property name="hostName" value="asus - LAPTOP-PECE1U4E"/>
         <property name="os" value="Windows 11 64bit"/>
         <property name="katalonVersion" value="9.3.0.212"/>
         <property name="browser" value="Chrome 121.0.0.0"/>
         <property name="hostAddress" value="172.16.213.37"/>
         <property name="sessionId" value="758afd969ef0afc6a5bef72ddaecce92"/>
         <property name="seleniumVersion" value="3.141.59"/>
         <property name="proxyInformation" value="ProxyInformation { proxyOption=NO_PROXY, proxyServerType=HTTP, username=, password=********, proxyServerAddress=, proxyServerPort=0, executionList=&quot;&quot;, isApplyToDesiredCapabilities=true }"/>
         <property name="platform" value="Windows 11"/>
      </properties>
      <testcase name="Test Cases/Search Product" time="20.926" classname="Test Cases/Search Product" status="PASSED">
         <system-out><![CDATA[07-02-2024T10:52:28 - [TEST_CASE][PASSED] - Test Cases/Search Product: Test Cases/Search Product

07-02-2024T10:52:29 - [TEST_STEP][PASSED] - openBrowser(""): Browser is opened with url: ''

07-02-2024T10:52:30 - [MESSAGE][INFO] - Starting 'Chrome' driver

07-02-2024T10:52:30 - [MESSAGE][INFO] - Action delay is set to 0 milliseconds

07-02-2024T10:52:32 - [MESSAGE][PASSED] - Browser is opened with url: ''

07-02-2024T10:52:32 - [TEST_STEP][PASSED] - navigateToUrl("https://cms.demo.katalon.com/"): Navigate to 'https://cms.demo.katalon.com/' successfully

07-02-2024T10:52:37 - [MESSAGE][PASSED] - Navigate to 'https://cms.demo.katalon.com/' successfully

07-02-2024T10:52:37 - [TEST_STEP][PASSED] - setText(findTestObject("Object Repository/Page_Katalon Shop  Katalon Ecommerce/input_Search for_s"), "Flying Ninja"): Text 'Flying Ninja' is set on object 'Object Repository/Page_Katalon Shop  Katalon Ecommerce/input_Search for_s'

07-02-2024T10:52:38 - [MESSAGE][PASSED] - Text 'Flying Ninja' is set on object 'Object Repository/Page_Katalon Shop  Katalon Ecommerce/input_Search for_s'

07-02-2024T10:52:38 - [TEST_STEP][PASSED] - sendKeys(findTestObject("Object Repository/Page_Katalon Shop  Katalon Ecommerce/input_Search for_s"), Keys.chord(ENTER)): Keys 'ENTER + ' sent to object: 'Object Repository/Page_Katalon Shop  Katalon Ecommerce/input_Search for_s'

07-02-2024T10:52:41 - [MESSAGE][PASSED] - Keys 'ENTER + ' sent to object: 'Object Repository/Page_Katalon Shop  Katalon Ecommerce/input_Search for_s'

07-02-2024T10:52:41 - [TEST_STEP][PASSED] - click(findTestObject("Object Repository/Page_Search Results for Flying Ninja  Katalon Shop/a_CDATA(function()for(var gfunctiontypeof O_f8795c")): Object: 'Object Repository/Page_Search Results for Flying Ninja  Katalon Shop/a_CDATA(function()for(var gfunctiontypeof O_f8795c' is clicked on

07-02-2024T10:52:46 - [MESSAGE][PASSED] - Object: 'Object Repository/Page_Search Results for Flying Ninja  Katalon Shop/a_CDATA(function()for(var gfunctiontypeof O_f8795c' is clicked on

07-02-2024T10:52:46 - [TEST_STEP][PASSED] - delay(3): Delayed 3 second(s)

07-02-2024T10:52:49 - [MESSAGE][PASSED] - Delayed 3 second(s)

07-02-2024T10:52:49 - [TEST_STEP][PASSED] - closeBrowser(): Browser is closed

07-02-2024T10:52:49 - [MESSAGE][PASSED] - Browser is closed]]></system-out>
         <system-err><![CDATA[]]></system-err>
      </testcase>
      <system-out><![CDATA[07-02-2024T10:52:28 - [TEST_SUITE][PASSED] - Test Suite 1: Test Cases/Search Product]]></system-out>
      <system-err><![CDATA[]]></system-err>
   </testsuite>
</testsuites>
